android/app/build/intermediates/manifest_merge_blame_file/release/manifest-merger-blame-release-report.txt
1<?xml version="1.0" encoding="utf-8"?>
2<manifest xmlns:android="http://schemas.android.com/apk/res/android"
3    package="com.whatsappproject"
4    android:versionCode="1"
5    android:versionName="1.0" >
6
7    <uses-sdk
8        android:minSdkVersion="21"
8-->src\main\AndroidManifest.xml
9        android:targetSdkVersion="33" />
9-->src\main\AndroidManifest.xml
10
11    <uses-permission android:name="android.permission.INTERNET" />
11-->src\main\AndroidManifest.xml:3:5-67
11-->src\main\AndroidManifest.xml:3:22-64
12    <uses-permission android:name="android.permission.WAKE_LOCK" />
12-->[:react-native-firebase_auth] AndroidManifest.xml:8:5-68
12-->[:react-native-firebase_auth] AndroidManifest.xml:8:22-65
13    <uses-permission android:name="android.permission.ACCESS_NETWORK_STATE" />
13-->[:react-native-firebase_auth] AndroidManifest.xml:9:5-79
13-->[:react-native-firebase_auth] AndroidManifest.xml:9:22-76
14
15    <uses-feature
15-->[com.google.android.gms:play-services-maps:18.0.2] AndroidManifest.xml:26:5-28:35
16        android:glEsVersion="0x00020000"
16-->[com.google.android.gms:play-services-maps:18.0.2] AndroidManifest.xml:27:9-41
17        android:required="true" />
17-->[com.google.android.gms:play-services-maps:18.0.2] AndroidManifest.xml:28:9-32
18
19    <queries>
19-->[com.google.android.gms:play-services-maps:18.0.2] AndroidManifest.xml:30:5-34:15
20
21        <!-- Needs to be explicitly declared on Android R+ -->
22        <package android:name="com.google.android.apps.maps" />
22-->[com.google.android.gms:play-services-maps:18.0.2] AndroidManifest.xml:33:9-64
22-->[com.google.android.gms:play-services-maps:18.0.2] AndroidManifest.xml:33:18-61
23    </queries>
24
25    <uses-permission android:name="android.permission.RECEIVE_BOOT_COMPLETED" />
25-->[androidx.work:work-runtime:2.7.1] AndroidManifest.xml:27:5-81
25-->[androidx.work:work-runtime:2.7.1] AndroidManifest.xml:27:22-78
26    <uses-permission android:name="android.permission.FOREGROUND_SERVICE" />
26-->[androidx.work:work-runtime:2.7.1] AndroidManifest.xml:28:5-77
26-->[androidx.work:work-runtime:2.7.1] AndroidManifest.xml:28:22-74
27
28    <application
28-->src\main\AndroidManifest.xml:5:5-24:19
29        android:name="com.whatsappproject.MainApplication"
29-->src\main\AndroidManifest.xml:6:7-38
30        android:allowBackup="false"
30-->src\main\AndroidManifest.xml:10:7-34
31        android:appComponentFactory="androidx.core.app.CoreComponentFactory"
31-->[androidx.core:core:1.7.0] AndroidManifest.xml:24:18-86
32        android:icon="@mipmap/ic_launcher"
32-->src\main\AndroidManifest.xml:8:7-41
33        android:label="@string/app_name"
33-->src\main\AndroidManifest.xml:7:7-39
34        android:roundIcon="@mipmap/ic_launcher_round"
34-->src\main\AndroidManifest.xml:9:7-52
35        android:theme="@style/AppTheme" >
35-->src\main\AndroidManifest.xml:11:7-38
36        <activity
36-->src\main\AndroidManifest.xml:12:7-23:18
37            android:name="com.whatsappproject.MainActivity"
37-->src\main\AndroidManifest.xml:13:9-37
38            android:configChanges="keyboard|keyboardHidden|orientation|screenLayout|screenSize|smallestScreenSize|uiMode"
38-->src\main\AndroidManifest.xml:15:9-118
39            android:exported="true"
39-->src\main\AndroidManifest.xml:18:9-32
40            android:label="@string/app_name"
40-->src\main\AndroidManifest.xml:14:9-41
41            android:launchMode="singleTask"
41-->src\main\AndroidManifest.xml:16:9-40
42            android:windowSoftInputMode="adjustResize" >
42-->src\main\AndroidManifest.xml:17:9-51
43            <intent-filter>
43-->src\main\AndroidManifest.xml:19:9-22:25
44                <action android:name="android.intent.action.MAIN" />
44-->src\main\AndroidManifest.xml:20:13-65
44-->src\main\AndroidManifest.xml:20:21-62
45
46                <category android:name="android.intent.category.LAUNCHER" />
46-->src\main\AndroidManifest.xml:21:13-73
46-->src\main\AndroidManifest.xml:21:23-70
47            </intent-filter>
48        </activity>
49
50        <meta-data
50-->[:react-native-firebase_app] AndroidManifest.xml:9:9-11:36
51            android:name="app_data_collection_default_enabled"
51-->[:react-native-firebase_app] AndroidManifest.xml:10:13-63
52            android:value="true" />
52-->[:react-native-firebase_app] AndroidManifest.xml:11:13-33
53
54        <service
54-->[:react-native-firebase_app] AndroidManifest.xml:13:9-21:19
55            android:name="com.google.firebase.components.ComponentDiscoveryService"
55-->[:react-native-firebase_app] AndroidManifest.xml:14:13-84
56            android:directBootAware="true"
56-->[:react-native-firebase_app] AndroidManifest.xml:15:13-43
57            android:exported="false" >
57-->[:react-native-firebase_app] AndroidManifest.xml:16:13-37
58            <meta-data
58-->[:react-native-firebase_app] AndroidManifest.xml:18:13-20:85
59                android:name="com.google.firebase.components:io.invertase.firebase.app.ReactNativeFirebaseAppRegistrar"
59-->[:react-native-firebase_app] AndroidManifest.xml:19:17-120
60                android:value="com.google.firebase.components.ComponentRegistrar" />
60-->[:react-native-firebase_app] AndroidManifest.xml:20:17-82
61            <meta-data
61-->[com.google.firebase:firebase-firestore:24.6.1] AndroidManifest.xml:19:13-21:85
62                android:name="com.google.firebase.components:com.google.firebase.firestore.FirestoreRegistrar"
62-->[com.google.firebase:firebase-firestore:24.6.1] AndroidManifest.xml:20:17-111
63                android:value="com.google.firebase.components.ComponentRegistrar" />
63-->[com.google.firebase:firebase-firestore:24.6.1] AndroidManifest.xml:21:17-82
64            <meta-data
64-->[com.google.firebase:firebase-storage:20.2.0] AndroidManifest.xml:32:13-34:85
65                android:name="com.google.firebase.components:com.google.firebase.storage.StorageRegistrar"
65-->[com.google.firebase:firebase-storage:20.2.0] AndroidManifest.xml:33:17-107
66                android:value="com.google.firebase.components.ComponentRegistrar" />
66-->[com.google.firebase:firebase-storage:20.2.0] AndroidManifest.xml:34:17-82
67            <meta-data
67-->[com.google.firebase:firebase-auth:22.0.0] AndroidManifest.xml:69:13-71:85
68                android:name="com.google.firebase.components:com.google.firebase.auth.FirebaseAuthRegistrar"
68-->[com.google.firebase:firebase-auth:22.0.0] AndroidManifest.xml:70:17-109
69                android:value="com.google.firebase.components.ComponentRegistrar" />
69-->[com.google.firebase:firebase-auth:22.0.0] AndroidManifest.xml:71:17-82
70        </service>
71
72        <provider
72-->[:react-native-firebase_app] AndroidManifest.xml:23:9-27:38
73            android:name="io.invertase.firebase.app.ReactNativeFirebaseAppInitProvider"
73-->[:react-native-firebase_app] AndroidManifest.xml:24:13-88
74            android:authorities="com.whatsappproject.reactnativefirebaseappinitprovider"
74-->[:react-native-firebase_app] AndroidManifest.xml:25:13-86
75            android:exported="false"
75-->[:react-native-firebase_app] AndroidManifest.xml:26:13-37
76            android:initOrder="99" />
76-->[:react-native-firebase_app] AndroidManifest.xml:27:13-35
77        <provider
77-->[:react-native-image-picker] AndroidManifest.xml:8:9-16:20
78            android:name="com.imagepicker.ImagePickerProvider"
78-->[:react-native-image-picker] AndroidManifest.xml:9:13-63
79            android:authorities="com.whatsappproject.imagepickerprovider"
79-->[:react-native-image-picker] AndroidManifest.xml:10:13-71
80            android:exported="false"
80-->[:react-native-image-picker] AndroidManifest.xml:11:13-37
81            android:grantUriPermissions="true" >
81-->[:react-native-image-picker] AndroidManifest.xml:12:13-47
82            <meta-data
82-->[:react-native-image-picker] AndroidManifest.xml:13:13-15:70
83                android:name="android.support.FILE_PROVIDER_PATHS"
83-->[:react-native-image-picker] AndroidManifest.xml:14:17-67
84                android:resource="@xml/imagepicker_provider_paths" />
84-->[:react-native-image-picker] AndroidManifest.xml:15:17-67
85        </provider>
86
87        <activity
87-->[com.google.android.gms:play-services-auth:20.5.0] AndroidManifest.xml:23:9-27:75
88            android:name="com.google.android.gms.auth.api.signin.internal.SignInHubActivity"
88-->[com.google.android.gms:play-services-auth:20.5.0] AndroidManifest.xml:24:13-93
89            android:excludeFromRecents="true"
89-->[com.google.android.gms:play-services-auth:20.5.0] AndroidManifest.xml:25:13-46
90            android:exported="false"
90-->[com.google.android.gms:play-services-auth:20.5.0] AndroidManifest.xml:26:13-37
91            android:theme="@android:style/Theme.Translucent.NoTitleBar" />
91-->[com.google.android.gms:play-services-auth:20.5.0] AndroidManifest.xml:27:13-72
92        <!--
93            Service handling Google Sign-In user revocation. For apps that do not integrate with
94            Google Sign-In, this service will never be started.
95        -->
96        <service
96-->[com.google.android.gms:play-services-auth:20.5.0] AndroidManifest.xml:33:9-37:51
97            android:name="com.google.android.gms.auth.api.signin.RevocationBoundService"
97-->[com.google.android.gms:play-services-auth:20.5.0] AndroidManifest.xml:34:13-89
98            android:exported="true"
98-->[com.google.android.gms:play-services-auth:20.5.0] AndroidManifest.xml:35:13-36
99            android:permission="com.google.android.gms.auth.api.signin.permission.REVOCATION_NOTIFICATION"
99-->[com.google.android.gms:play-services-auth:20.5.0] AndroidManifest.xml:36:13-107
100            android:visibleToInstantApps="true" /> <!-- Needs to be explicitly declared on P+ -->
100-->[com.google.android.gms:play-services-auth:20.5.0] AndroidManifest.xml:37:13-48
101        <uses-library
101-->[com.google.android.gms:play-services-maps:18.0.2] AndroidManifest.xml:39:9-41:40
102            android:name="org.apache.http.legacy"
102-->[com.google.android.gms:play-services-maps:18.0.2] AndroidManifest.xml:40:13-50
103            android:required="false" />
103-->[com.google.android.gms:play-services-maps:18.0.2] AndroidManifest.xml:41:13-37
104
105        <activity
105-->[com.google.firebase:firebase-auth:22.0.0] AndroidManifest.xml:29:9-46:20
106            android:name="com.google.firebase.auth.internal.GenericIdpActivity"
106-->[com.google.firebase:firebase-auth:22.0.0] AndroidManifest.xml:30:13-80
107            android:excludeFromRecents="true"
107-->[com.google.firebase:firebase-auth:22.0.0] AndroidManifest.xml:31:13-46
108            android:exported="true"
108-->[com.google.firebase:firebase-auth:22.0.0] AndroidManifest.xml:32:13-36
109            android:launchMode="singleTask"
109-->[com.google.firebase:firebase-auth:22.0.0] AndroidManifest.xml:33:13-44
110            android:theme="@android:style/Theme.Translucent.NoTitleBar" >
110-->[com.google.firebase:firebase-auth:22.0.0] AndroidManifest.xml:34:13-72
111            <intent-filter>
111-->[com.google.firebase:firebase-auth:22.0.0] AndroidManifest.xml:35:13-45:29
112                <action android:name="android.intent.action.VIEW" />
112-->[com.google.firebase:firebase-auth:22.0.0] AndroidManifest.xml:36:17-69
112-->[com.google.firebase:firebase-auth:22.0.0] AndroidManifest.xml:36:25-66
113
114                <category android:name="android.intent.category.DEFAULT" />
114-->[com.google.firebase:firebase-auth:22.0.0] AndroidManifest.xml:38:17-76
114-->[com.google.firebase:firebase-auth:22.0.0] AndroidManifest.xml:38:27-73
115                <category android:name="android.intent.category.BROWSABLE" />
115-->[com.google.firebase:firebase-auth:22.0.0] AndroidManifest.xml:39:17-78
115-->[com.google.firebase:firebase-auth:22.0.0] AndroidManifest.xml:39:27-75
116
117                <data
117-->[com.google.firebase:firebase-auth:22.0.0] AndroidManifest.xml:41:17-44:51
118                    android:host="firebase.auth"
118-->[com.google.firebase:firebase-auth:22.0.0] AndroidManifest.xml:42:21-49
119                    android:path="/"
119-->[com.google.firebase:firebase-auth:22.0.0] AndroidManifest.xml:43:21-37
120                    android:scheme="genericidp" />
120-->[com.google.firebase:firebase-auth:22.0.0] AndroidManifest.xml:44:21-48
121            </intent-filter>
122        </activity>
123        <activity
123-->[com.google.firebase:firebase-auth:22.0.0] AndroidManifest.xml:47:9-64:20
124            android:name="com.google.firebase.auth.internal.RecaptchaActivity"
124-->[com.google.firebase:firebase-auth:22.0.0] AndroidManifest.xml:48:13-79
125            android:excludeFromRecents="true"
125-->[com.google.firebase:firebase-auth:22.0.0] AndroidManifest.xml:49:13-46
126            android:exported="true"
126-->[com.google.firebase:firebase-auth:22.0.0] AndroidManifest.xml:50:13-36
127            android:launchMode="singleTask"
127-->[com.google.firebase:firebase-auth:22.0.0] AndroidManifest.xml:51:13-44
128            android:theme="@android:style/Theme.Translucent.NoTitleBar" >
128-->[com.google.firebase:firebase-auth:22.0.0] AndroidManifest.xml:52:13-72
129            <intent-filter>
129-->[com.google.firebase:firebase-auth:22.0.0] AndroidManifest.xml:53:13-63:29
130                <action android:name="android.intent.action.VIEW" />
130-->[com.google.firebase:firebase-auth:22.0.0] AndroidManifest.xml:36:17-69
130-->[com.google.firebase:firebase-auth:22.0.0] AndroidManifest.xml:36:25-66
131
132                <category android:name="android.intent.category.DEFAULT" />
132-->[com.google.firebase:firebase-auth:22.0.0] AndroidManifest.xml:38:17-76
132-->[com.google.firebase:firebase-auth:22.0.0] AndroidManifest.xml:38:27-73
133                <category android:name="android.intent.category.BROWSABLE" />
133-->[com.google.firebase:firebase-auth:22.0.0] AndroidManifest.xml:39:17-78
133-->[com.google.firebase:firebase-auth:22.0.0] AndroidManifest.xml:39:27-75
134
135                <data
135-->[com.google.firebase:firebase-auth:22.0.0] AndroidManifest.xml:41:17-44:51
136                    android:host="firebase.auth"
136-->[com.google.firebase:firebase-auth:22.0.0] AndroidManifest.xml:42:21-49
137                    android:path="/"
137-->[com.google.firebase:firebase-auth:22.0.0] AndroidManifest.xml:43:21-37
138                    android:scheme="recaptcha" />
138-->[com.google.firebase:firebase-auth:22.0.0] AndroidManifest.xml:44:21-48
139            </intent-filter>
140        </activity>
141        <activity
141-->[com.google.android.gms:play-services-base:18.1.0] AndroidManifest.xml:20:9-22:45
142            android:name="com.google.android.gms.common.api.GoogleApiActivity"
142-->[com.google.android.gms:play-services-base:18.1.0] AndroidManifest.xml:20:19-85
143            android:exported="false"
143-->[com.google.android.gms:play-services-base:18.1.0] AndroidManifest.xml:22:19-43
144            android:theme="@android:style/Theme.Translucent.NoTitleBar" />
144-->[com.google.android.gms:play-services-base:18.1.0] AndroidManifest.xml:21:19-78
145
146        <provider
146-->[com.google.firebase:firebase-common:20.3.2] AndroidManifest.xml:25:9-30:39
147            android:name="com.google.firebase.provider.FirebaseInitProvider"
147-->[com.google.firebase:firebase-common:20.3.2] AndroidManifest.xml:26:13-77
148            android:authorities="com.whatsappproject.firebaseinitprovider"
148-->[com.google.firebase:firebase-common:20.3.2] AndroidManifest.xml:27:13-72
149            android:directBootAware="true"
149-->[com.google.firebase:firebase-common:20.3.2] AndroidManifest.xml:28:13-43
150            android:exported="false"
150-->[com.google.firebase:firebase-common:20.3.2] AndroidManifest.xml:29:13-37
151            android:initOrder="100" />
151-->[com.google.firebase:firebase-common:20.3.2] AndroidManifest.xml:30:13-36
152
153        <meta-data
153-->[com.google.android.gms:play-services-basement:18.2.0] AndroidManifest.xml:21:9-23:69
154            android:name="com.google.android.gms.version"
154-->[com.google.android.gms:play-services-basement:18.2.0] AndroidManifest.xml:22:13-58
155            android:value="@integer/google_play_services_version" />
155-->[com.google.android.gms:play-services-basement:18.2.0] AndroidManifest.xml:23:13-66
156
157        <provider
157-->[androidx.work:work-runtime:2.7.1] AndroidManifest.xml:31:9-39:20
158            android:name="androidx.startup.InitializationProvider"
158-->[androidx.work:work-runtime:2.7.1] AndroidManifest.xml:32:13-67
159            android:authorities="com.whatsappproject.androidx-startup"
159-->[androidx.work:work-runtime:2.7.1] AndroidManifest.xml:33:13-68
160            android:exported="false" >
160-->[androidx.work:work-runtime:2.7.1] AndroidManifest.xml:34:13-37
161            <meta-data
161-->[androidx.work:work-runtime:2.7.1] AndroidManifest.xml:36:13-38:52
162                android:name="androidx.work.WorkManagerInitializer"
162-->[androidx.work:work-runtime:2.7.1] AndroidManifest.xml:37:17-68
163                android:value="androidx.startup" />
163-->[androidx.work:work-runtime:2.7.1] AndroidManifest.xml:38:17-49
164            <meta-data
164-->[androidx.emoji2:emoji2:1.0.0] AndroidManifest.xml:31:13-33:52
165                android:name="androidx.emoji2.text.EmojiCompatInitializer"
165-->[androidx.emoji2:emoji2:1.0.0] AndroidManifest.xml:32:17-75
166                android:value="androidx.startup" />
166-->[androidx.emoji2:emoji2:1.0.0] AndroidManifest.xml:33:17-49
167            <meta-data
167-->[androidx.lifecycle:lifecycle-process:2.4.0] AndroidManifest.xml:31:13-33:52
168                android:name="androidx.lifecycle.ProcessLifecycleInitializer"
168-->[androidx.lifecycle:lifecycle-process:2.4.0] AndroidManifest.xml:32:17-78
169                android:value="androidx.startup" />
169-->[androidx.lifecycle:lifecycle-process:2.4.0] AndroidManifest.xml:33:17-49
170        </provider>
171
172        <service
172-->[androidx.work:work-runtime:2.7.1] AndroidManifest.xml:41:9-46:35
173            android:name="androidx.work.impl.background.systemalarm.SystemAlarmService"
173-->[androidx.work:work-runtime:2.7.1] AndroidManifest.xml:42:13-88
174            android:directBootAware="false"
174-->[androidx.work:work-runtime:2.7.1] AndroidManifest.xml:43:13-44
175            android:enabled="@bool/enable_system_alarm_service_default"
175-->[androidx.work:work-runtime:2.7.1] AndroidManifest.xml:44:13-72
176            android:exported="false" />
176-->[androidx.work:work-runtime:2.7.1] AndroidManifest.xml:45:13-37
177        <service
177-->[androidx.work:work-runtime:2.7.1] AndroidManifest.xml:47:9-53:35
178            android:name="androidx.work.impl.background.systemjob.SystemJobService"
178-->[androidx.work:work-runtime:2.7.1] AndroidManifest.xml:48:13-84
179            android:directBootAware="false"
179-->[androidx.work:work-runtime:2.7.1] AndroidManifest.xml:49:13-44
180            android:enabled="@bool/enable_system_job_service_default"
180-->[androidx.work:work-runtime:2.7.1] AndroidManifest.xml:50:13-70
181            android:exported="true"
181-->[androidx.work:work-runtime:2.7.1] AndroidManifest.xml:51:13-36
182            android:permission="android.permission.BIND_JOB_SERVICE" />
182-->[androidx.work:work-runtime:2.7.1] AndroidManifest.xml:52:13-69
183        <service
183-->[androidx.work:work-runtime:2.7.1] AndroidManifest.xml:54:9-59:35
184            android:name="androidx.work.impl.foreground.SystemForegroundService"
184-->[androidx.work:work-runtime:2.7.1] AndroidManifest.xml:55:13-81
185            android:directBootAware="false"
185-->[androidx.work:work-runtime:2.7.1] AndroidManifest.xml:56:13-44
186            android:enabled="@bool/enable_system_foreground_service_default"
186-->[androidx.work:work-runtime:2.7.1] AndroidManifest.xml:57:13-77
187            android:exported="false" />
187-->[androidx.work:work-runtime:2.7.1] AndroidManifest.xml:58:13-37
188
189        <receiver
189-->[androidx.work:work-runtime:2.7.1] AndroidManifest.xml:61:9-66:35
190            android:name="androidx.work.impl.utils.ForceStopRunnable$BroadcastReceiver"
190-->[androidx.work:work-runtime:2.7.1] AndroidManifest.xml:62:13-88
191            android:directBootAware="false"
191-->[androidx.work:work-runtime:2.7.1] AndroidManifest.xml:63:13-44
192            android:enabled="true"
192-->[androidx.work:work-runtime:2.7.1] AndroidManifest.xml:64:13-35
193            android:exported="false" />
193-->[androidx.work:work-runtime:2.7.1] AndroidManifest.xml:65:13-37
194        <receiver
194-->[androidx.work:work-runtime:2.7.1] AndroidManifest.xml:67:9-77:20
195            android:name="androidx.work.impl.background.systemalarm.ConstraintProxy$BatteryChargingProxy"
195-->[androidx.work:work-runtime:2.7.1] AndroidManifest.xml:68:13-106
196            android:directBootAware="false"
196-->[androidx.work:work-runtime:2.7.1] AndroidManifest.xml:69:13-44
197            android:enabled="false"
197-->[androidx.work:work-runtime:2.7.1] AndroidManifest.xml:70:13-36
198            android:exported="false" >
198-->[androidx.work:work-runtime:2.7.1] AndroidManifest.xml:71:13-37
199            <intent-filter>
199-->[androidx.work:work-runtime:2.7.1] AndroidManifest.xml:73:13-76:29
200                <action android:name="android.intent.action.ACTION_POWER_CONNECTED" />
200-->[androidx.work:work-runtime:2.7.1] AndroidManifest.xml:74:17-87
200-->[androidx.work:work-runtime:2.7.1] AndroidManifest.xml:74:25-84
201                <action android:name="android.intent.action.ACTION_POWER_DISCONNECTED" />
201-->[androidx.work:work-runtime:2.7.1] AndroidManifest.xml:75:17-90
201-->[androidx.work:work-runtime:2.7.1] AndroidManifest.xml:75:25-87
202            </intent-filter>
203        </receiver>
204        <receiver
204-->[androidx.work:work-runtime:2.7.1] AndroidManifest.xml:78:9-88:20
205            android:name="androidx.work.impl.background.systemalarm.ConstraintProxy$BatteryNotLowProxy"
205-->[androidx.work:work-runtime:2.7.1] AndroidManifest.xml:79:13-104
206            android:directBootAware="false"
206-->[androidx.work:work-runtime:2.7.1] AndroidManifest.xml:80:13-44
207            android:enabled="false"
207-->[androidx.work:work-runtime:2.7.1] AndroidManifest.xml:81:13-36
208            android:exported="false" >
208-->[androidx.work:work-runtime:2.7.1] AndroidManifest.xml:82:13-37
209            <intent-filter>
209-->[androidx.work:work-runtime:2.7.1] AndroidManifest.xml:84:13-87:29
210                <action android:name="android.intent.action.BATTERY_OKAY" />
210-->[androidx.work:work-runtime:2.7.1] AndroidManifest.xml:85:17-77
210-->[androidx.work:work-runtime:2.7.1] AndroidManifest.xml:85:25-74
211                <action android:name="android.intent.action.BATTERY_LOW" />
211-->[androidx.work:work-runtime:2.7.1] AndroidManifest.xml:86:17-76
211-->[androidx.work:work-runtime:2.7.1] AndroidManifest.xml:86:25-73
212            </intent-filter>
213        </receiver>
214        <receiver
214-->[androidx.work:work-runtime:2.7.1] AndroidManifest.xml:89:9-99:20
215            android:name="androidx.work.impl.background.systemalarm.ConstraintProxy$StorageNotLowProxy"
215-->[androidx.work:work-runtime:2.7.1] AndroidManifest.xml:90:13-104
216            android:directBootAware="false"
216-->[androidx.work:work-runtime:2.7.1] AndroidManifest.xml:91:13-44
217            android:enabled="false"
217-->[androidx.work:work-runtime:2.7.1] AndroidManifest.xml:92:13-36
218            android:exported="false" >
218-->[androidx.work:work-runtime:2.7.1] AndroidManifest.xml:93:13-37
219            <intent-filter>
219-->[androidx.work:work-runtime:2.7.1] AndroidManifest.xml:95:13-98:29
220                <action android:name="android.intent.action.DEVICE_STORAGE_LOW" />
220-->[androidx.work:work-runtime:2.7.1] AndroidManifest.xml:96:17-83
220-->[androidx.work:work-runtime:2.7.1] AndroidManifest.xml:96:25-80
221                <action android:name="android.intent.action.DEVICE_STORAGE_OK" />
221-->[androidx.work:work-runtime:2.7.1] AndroidManifest.xml:97:17-82
221-->[androidx.work:work-runtime:2.7.1] AndroidManifest.xml:97:25-79
222            </intent-filter>
223        </receiver>
224        <receiver
224-->[androidx.work:work-runtime:2.7.1] AndroidManifest.xml:100:9-109:20
225            android:name="androidx.work.impl.background.systemalarm.ConstraintProxy$NetworkStateProxy"
225-->[androidx.work:work-runtime:2.7.1] AndroidManifest.xml:101:13-103
226            android:directBootAware="false"
226-->[androidx.work:work-runtime:2.7.1] AndroidManifest.xml:102:13-44
227            android:enabled="false"
227-->[androidx.work:work-runtime:2.7.1] AndroidManifest.xml:103:13-36
228            android:exported="false" >
228-->[androidx.work:work-runtime:2.7.1] AndroidManifest.xml:104:13-37
229            <intent-filter>
229-->[androidx.work:work-runtime:2.7.1] AndroidManifest.xml:106:13-108:29
230                <action android:name="android.net.conn.CONNECTIVITY_CHANGE" />
230-->[androidx.work:work-runtime:2.7.1] AndroidManifest.xml:107:17-79
230-->[androidx.work:work-runtime:2.7.1] AndroidManifest.xml:107:25-76
231            </intent-filter>
232        </receiver>
233        <receiver
233-->[androidx.work:work-runtime:2.7.1] AndroidManifest.xml:110:9-121:20
234            android:name="androidx.work.impl.background.systemalarm.RescheduleReceiver"
234-->[androidx.work:work-runtime:2.7.1] AndroidManifest.xml:111:13-88
235            android:directBootAware="false"
235-->[androidx.work:work-runtime:2.7.1] AndroidManifest.xml:112:13-44
236            android:enabled="false"
236-->[androidx.work:work-runtime:2.7.1] AndroidManifest.xml:113:13-36
237            android:exported="false" >
237-->[androidx.work:work-runtime:2.7.1] AndroidManifest.xml:114:13-37
238            <intent-filter>
238-->[androidx.work:work-runtime:2.7.1] AndroidManifest.xml:116:13-120:29
239                <action android:name="android.intent.action.BOOT_COMPLETED" />
239-->[androidx.work:work-runtime:2.7.1] AndroidManifest.xml:117:17-79
239-->[androidx.work:work-runtime:2.7.1] AndroidManifest.xml:117:25-76
240                <action android:name="android.intent.action.TIME_SET" />
240-->[androidx.work:work-runtime:2.7.1] AndroidManifest.xml:118:17-73
240-->[androidx.work:work-runtime:2.7.1] AndroidManifest.xml:118:25-70
241                <action android:name="android.intent.action.TIMEZONE_CHANGED" />
241-->[androidx.work:work-runtime:2.7.1] AndroidManifest.xml:119:17-81
241-->[androidx.work:work-runtime:2.7.1] AndroidManifest.xml:119:25-78
242            </intent-filter>
243        </receiver>
244        <receiver
244-->[androidx.work:work-runtime:2.7.1] AndroidManifest.xml:122:9-131:20
245            android:name="androidx.work.impl.background.systemalarm.ConstraintProxyUpdateReceiver"
245-->[androidx.work:work-runtime:2.7.1] AndroidManifest.xml:123:13-99
246            android:directBootAware="false"
246-->[androidx.work:work-runtime:2.7.1] AndroidManifest.xml:124:13-44
247            android:enabled="@bool/enable_system_alarm_service_default"
247-->[androidx.work:work-runtime:2.7.1] AndroidManifest.xml:125:13-72
248            android:exported="false" >
248-->[androidx.work:work-runtime:2.7.1] AndroidManifest.xml:126:13-37
249            <intent-filter>
249-->[androidx.work:work-runtime:2.7.1] AndroidManifest.xml:128:13-130:29
250                <action android:name="androidx.work.impl.background.systemalarm.UpdateProxies" />
250-->[androidx.work:work-runtime:2.7.1] AndroidManifest.xml:129:17-98
250-->[androidx.work:work-runtime:2.7.1] AndroidManifest.xml:129:25-95
251            </intent-filter>
252        </receiver>
253        <receiver
253-->[androidx.work:work-runtime:2.7.1] AndroidManifest.xml:132:9-142:20
254            android:name="androidx.work.impl.diagnostics.DiagnosticsReceiver"
254-->[androidx.work:work-runtime:2.7.1] AndroidManifest.xml:133:13-78
255            android:directBootAware="false"
255-->[androidx.work:work-runtime:2.7.1] AndroidManifest.xml:134:13-44
256            android:enabled="true"
256-->[androidx.work:work-runtime:2.7.1] AndroidManifest.xml:135:13-35
257            android:exported="true"
257-->[androidx.work:work-runtime:2.7.1] AndroidManifest.xml:136:13-36
258            android:permission="android.permission.DUMP" >
258-->[androidx.work:work-runtime:2.7.1] AndroidManifest.xml:137:13-57
259            <intent-filter>
259-->[androidx.work:work-runtime:2.7.1] AndroidManifest.xml:139:13-141:29
260                <action android:name="androidx.work.diagnostics.REQUEST_DIAGNOSTICS" />
260-->[androidx.work:work-runtime:2.7.1] AndroidManifest.xml:140:17-88
260-->[androidx.work:work-runtime:2.7.1] AndroidManifest.xml:140:25-85
261            </intent-filter>
262        </receiver>
263
264        <meta-data
264-->[com.facebook.soloader:soloader:0.10.5] AndroidManifest.xml:12:9-14:37
265            android:name="com.facebook.soloader.enabled"
265-->[com.facebook.soloader:soloader:0.10.5] AndroidManifest.xml:13:13-57
266            android:value="false" />
266-->[com.facebook.soloader:soloader:0.10.5] AndroidManifest.xml:14:13-34
267
268        <service
268-->[androidx.room:room-runtime:2.2.5] AndroidManifest.xml:25:9-28:40
269            android:name="androidx.room.MultiInstanceInvalidationService"
269-->[androidx.room:room-runtime:2.2.5] AndroidManifest.xml:26:13-74
270            android:directBootAware="true"
270-->[androidx.room:room-runtime:2.2.5] AndroidManifest.xml:27:13-43
271            android:exported="false" />
271-->[androidx.room:room-runtime:2.2.5] AndroidManifest.xml:28:13-37
272    </application>
273
274</manifest>